#-----------------------------------------------------------
# PlanAhead v14.7 (64-bit)
# Build 321239 by xbuild on Fri Sep 27 19:29:51 MDT 2013
# Start of session at: Mon Oct 30 19:04:50 2023
# Process ID: 11084
# Log file: C:/Users/Family/Desktop/logica/logicaDigital/mux/planAhead_run_2/planAhead.log
# Journal file: C:/Users/Family/Desktop/logica/logicaDigital/mux/planAhead_run_2/planAhead.jou
#-----------------------------------------------------------
INFO: [Common 17-78] Attempting to get a license: PlanAhead
INFO: [Common 17-290] Got license for PlanAhead
INFO: [Common 17-86] Your PlanAhead license expires in -3590 day(s)
INFO: [Device 21-36] Loading parts and site information from C:/Xilinx/14.7/ISE_DS/PlanAhead/data/parts/arch.xml
Parsing RTL primitives file [C:/Xilinx/14.7/ISE_DS/PlanAhead/data/parts/xilinx/rtl/prims/rtl_prims.xml]
Finished parsing RTL primitives file [C:/Xilinx/14.7/ISE_DS/PlanAhead/data/parts/xilinx/rtl/prims/rtl_prims.xml]
start_gui
source C:/Users/Family/Desktop/logica/logicaDigital/mux/pa.fromHdl.tcl
# create_project -name mux -dir "C:/Users/Family/Desktop/logica/logicaDigital/mux/planAhead_run_2" -part xc3s500efg320-4
ERROR: [Common 17-53] User Exception: Project already exists on disk, please use '-force' option to overwrite: 
     C:/Users/Family/Desktop/logica/logicaDigital/mux/planAhead_run_2/mux.ppr
     C:/Users/Family/Desktop/logica/logicaDigital/mux/planAhead_run_2/mux.data

    while executing
"create_project -name mux -dir "C:/Users/Family/Desktop/logica/logicaDigital/mux/planAhead_run_2" -part xc3s500efg320-4"
    (file "C:/Users/Family/Desktop/logica/logicaDigital/mux/pa.fromHdl.tcl" line 4)
